Build started 10/06/2015 12:11:38 PM.
     1>Project "C:\Users\anthony.bogli\Desktop\Checkers! Network this\WindowStartup\WindowStartup\WindowStartup.vcxproj" on node 2 (Build target(s)).
     1>Link:
         C:\Program Files (x86)\Microsoft Visual Studio 12.0\VC\bin\link.exe /ERRORREPORT:PROMPT /OUT:"C:\Users\anthony.bogli\Desktop\Checkers! Network this\WindowStartup\Release\WindowStartup.exe" /INCREMENTAL:NO /NOLOGO /LIBPATH:"C:\Users\anthony.bogli\Desktop\Checkers! Network this\WindowStartup\WindowStartup\\dep\glfw-3.1.bin.WIN32\lib-vc2012" /LIBPATH:"C:\Users\anthony.bogli\Desktop\Checkers! Network this\WindowStartup\WindowStartup\\dep\lib\\" /LIBPATH:"C:\Users\anthony.bogli\Desktop\Checkers! Network this\WindowStartup\WindowStartup\\dep\AntTweakBar\lib\\" glfw3.lib opengl32.lib FBXLoader.lib AntTweakBar.lib AntTweakBar64.lib ws2_32.lib kernel32.lib user32.lib gdi32.lib winspool.lib comdlg32.lib advapi32.lib shell32.lib ole32.lib oleaut32.lib uuid.lib odbc32.lib odbccp32.lib /MANIFEST /MANIFESTUAC:"level='asInvoker' uiAccess='false'" /manifest:embed /DEBUG /PDB:"C:\Users\anthony.bogli\Desktop\Checkers! Network this\WindowStartup\Release\WindowStartup.pdb" /SUBSYSTEM:CONSOLE /OPT:REF /OPT:ICF /LTCG /TLBID:1 /DYNAMICBASE /NXCOMPAT /IMPLIB:"C:\Users\anthony.bogli\Desktop\Checkers! Network this\WindowStartup\Release\WindowStartup.lib" /MACHINE:X86 /SAFESEH Release\Base64Encoder.obj
         Release\BitStream.obj
         Release\CCRakNetSlidingWindow.obj
         Release\CCRakNetUDT.obj
         Release\CheckSum.obj
         Release\CloudClient.obj
         Release\CloudCommon.obj
         Release\CloudServer.obj
         Release\CommandParserInterface.obj
         Release\ConnectionGraph2.obj
         Release\ConsoleServer.obj
         Release\DataCompressor.obj
         Release\DirectoryDeltaTransfer.obj
         Release\DR_SHA1.obj
         Release\DS_BytePool.obj
         Release\DS_ByteQueue.obj
         Release\DS_HuffmanEncodingTree.obj
         Release\DS_Table.obj
         Release\DynDNS.obj
         Release\EmailSender.obj
         Release\EpochTimeToString.obj
         Release\FileList.obj
         Release\FileListTransfer.obj
         Release\FileOperations.obj
         Release\FormatString.obj
         Release\FullyConnectedMesh2.obj
         Release\Getche.obj
         Release\Gets.obj
         Release\GetTime.obj
         Release\gettimeofday.obj
         Release\GridSectorizer.obj
         Release\HTTPConnection.obj
         Release\HTTPConnection2.obj
         Release\IncrementalReadInterface.obj
         Release\Itoa.obj
         Release\LinuxStrings.obj
         Release\LocklessTypes.obj
         Release\LogCommandParser.obj
         Release\MessageFilter.obj
         Release\NatPunchthroughClient.obj
         Release\NatPunchthroughServer.obj
         Release\NatTypeDetectionClient.obj
         Release\NatTypeDetectionCommon.obj
         Release\NatTypeDetectionServer.obj
         Release\NetworkIDManager.obj
         Release\NetworkIDObject.obj
         Release\PacketConsoleLogger.obj
         Release\PacketFileLogger.obj
         Release\PacketizedTCP.obj
         Release\PacketLogger.obj
         Release\PacketOutputWindowLogger.obj
         Release\PluginInterface2.obj
         Release\PS4Includes.obj
         Release\Rackspace.obj
         Release\RakMemoryOverride.obj
         Release\RakNetCommandParser.obj
         Release\RakNetSocket.obj
         Release\RakNetSocket2.obj
         Release\RakNetSocket2_360_720.obj
         Release\RakNetSocket2_Berkley.obj
         Release\RakNetSocket2_Berkley_NativeClient.obj
         Release\RakNetSocket2_NativeClient.obj
         Release\RakNetSocket2_PS3_PS4.obj
         Release\RakNetSocket2_PS4.obj
         Release\RakNetSocket2_Vita.obj
         Release\RakNetSocket2_WindowsStore8.obj
         Release\RakNetSocket2_Windows_Linux.obj
         Release\RakNetSocket2_Windows_Linux_360.obj
         Release\RakNetStatistics.obj
         Release\RakNetTransport2.obj
         Release\RakNetTypes.obj
         Release\RakPeer.obj
         Release\RakSleep.obj
         Release\RakString.obj
         Release\RakThread.obj
         Release\RakWString.obj
         Release\Rand.obj
         Release\RandSync.obj
         Release\ReadyEvent.obj
         Release\RelayPlugin.obj
         Release\ReliabilityLayer.obj
         Release\ReplicaManager3.obj
         Release\Router2.obj
         Release\RPC4Plugin.obj
         Release\SecureHandshake.obj
         Release\SendToThread.obj
         Release\SignaledEvent.obj
         Release\SimpleMutex.obj
         Release\SocketLayer.obj
         Release\StatisticsHistory.obj
         Release\StringCompressor.obj
         Release\StringTable.obj
         Release\SuperFastHash.obj
         Release\TableSerializer.obj
         Release\TCPInterface.obj
         Release\TeamBalancer.obj
         Release\TeamManager.obj
         Release\TelnetTransport.obj
         Release\ThreadsafePacketLogger.obj
         Release\TwoWayAuthentication.obj
         Release\UDPForwarder.obj
         Release\UDPProxyClient.obj
         Release\UDPProxyCoordinator.obj
         Release\UDPProxyServer.obj
         Release\VariableDeltaSerializer.obj
         Release\VariableListDeltaTracker.obj
         Release\VariadicSQLParser.obj
         Release\VitaIncludes.obj
         Release\WSAStartupSingleton.obj
         Release\_FindFirst.obj
         Release\Application.obj
         Release\Camera.obj
         Release\CheckerBoard.obj
         Release\CheckerPiece.obj
         Release\Client.obj
         Release\FlyCamera.obj
         Release\Gizmos_fix.obj
         Release\gl_core_4_4.obj
         Release\Main.obj
         Release\Skybox.obj
         Release\Texture.obj
         Generating code
         Finished generating code
     1>FBXLoader.lib(FBXFile.obj) : warning LNK4099: PDB 'vc120.pdb' was not found with 'FBXLoader.lib(FBXFile.obj)' or at 'C:\Users\anthony.bogli\Desktop\Checkers! Network this\WindowStartup\Release\vc120.pdb'; linking object as if no debug info
         WindowStartup.vcxproj -> C:\Users\anthony.bogli\Desktop\Checkers! Network this\WindowStartup\Release\WindowStartup.exe
       RegisterOutput:
         "C:\Users\anthony.bogli\Desktop\Checkers! Network this\WindowStartup\Release\WindowStartup.exe" /RegServer
         Enter Server IP or hit enter for 127.0.0.1 
         Starting the client. 
         ITS REDS TURN! 
         Our connect request has been accepted. 
         Your player: 2
     1>Done Building Project "C:\Users\anthony.bogli\Desktop\Checkers! Network this\WindowStartup\WindowStartup\WindowStartup.vcxproj" (Build target(s)).

Build succeeded.

Time Elapsed 00:00:17.17
